2018-07-10 17:25:39,653 DEBUG MISService.Method.LogMethods - -------------- *** Starting MISService *** ------------ 
2018-07-10 17:25:39,684 DEBUG MISService.Method.LogMethods - Authenticating against the Enterprise API ...
2018-07-10 17:25:49,762 DEBUG MISService.Method.LogMethods - GetAllProjects:Debug:Start processing all projects
2018-07-10 17:25:51,650 DEBUG MISService.Method.LogMethods - GetUserName:Debug:User Name = anh.tran
2018-07-10 17:25:52,305 DEBUG MISService.Method.LogMethods - UpdateProject:Debug:DONE
2018-07-10 17:25:52,523 DEBUG MISService.Method.LogMethods - UpdateBiddingProject:Debug:DONE
2018-07-10 17:25:55,768 DEBUG MISService.Method.LogMethods - UpdateSales_JobMasterList_Customer:Debug:Done
2018-07-10 17:25:55,768 DEBUG MISService.Method.LogMethods - HandleAccountContact:Debug:Done
2018-07-10 17:25:55,768 DEBUG MISService.Method.LogMethods - HandleAccount:Debug:Done
2018-07-10 17:25:55,784 DEBUG MISService.Method.LogMethods - UpdateSales_JobMasterList_Customer:Debug:Done
2018-07-10 17:25:55,784 DEBUG MISService.Method.LogMethods - HandleAccountContact:Debug:Done
2018-07-10 17:25:55,784 DEBUG MISService.Method.LogMethods - HandleAccount:Debug:Done
2018-07-10 17:25:55,799 DEBUG MISService.Method.LogMethods - UpdateSales_JobMasterList_Customer:Debug:Done
2018-07-10 17:25:55,799 DEBUG MISService.Method.LogMethods - HandleAccountContact:Debug:Done
2018-07-10 17:25:55,799 DEBUG MISService.Method.LogMethods - HandleAccount:Debug:Done
2018-07-10 17:25:55,799 DEBUG MISService.Method.LogMethods - GetAllAccounts:Debug:Done
2018-07-10 17:25:56,798 DEBUG MISService.Method.LogMethods - UpdateEstItem:Debug:Done
2018-07-10 17:25:57,312 DEBUG MISService.Method.LogMethods - UpdateEstItemSize:Debug:Done
2018-07-10 17:25:57,484 DEBUG MISService.Method.LogMethods - UpdateEstItem:Debug:Done
2018-07-10 17:25:57,546 DEBUG MISService.Method.LogMethods - UpdateEstItemSize:Debug:Done
2018-07-10 17:25:57,546 DEBUG MISService.Method.LogMethods - GetAllItems:Debug:Done
2018-07-10 17:25:58,014 DEBUG MISService.Method.LogMethods - UpdateEstService:Debug:Done
2018-07-10 17:25:58,046 DEBUG MISService.Method.LogMethods - UpdateEstService:Debug:Done
2018-07-10 17:25:58,170 DEBUG MISService.Method.LogMethods - UpdateEstService:Debug:Done
2018-07-10 17:25:58,170 DEBUG MISService.Method.LogMethods - GetAllServices:Debug:Done
2018-07-10 17:25:58,170 DEBUG MISService.Method.LogMethods - GetEstimation:Debug:Done
2018-07-10 17:26:02,102 DEBUG MISService.Method.LogMethods - UpdateMISSalesForceMapping:Debug:Done
2018-07-10 17:26:02,304 DEBUG MISService.Method.LogMethods - GetAllDrawingItems:Debug:Done
2018-07-10 17:26:03,350 DEBUG MISService.Method.LogMethods - UpdateQuoteItem:Debug:DONE
2018-07-10 17:26:03,350 DEBUG MISService.Method.LogMethods - UpdateQuoteItem:Debug:DONE
2018-07-10 17:26:03,350 DEBUG MISService.Method.LogMethods - HandleQuoteItem:Debug:Done
2018-07-10 17:26:03,521 DEBUG MISService.Method.LogMethods - UpdateQuoteService:Debug:DONE
2018-07-10 17:26:03,537 DEBUG MISService.Method.LogMethods - UpdateQuoteService:Debug:DONE
2018-07-10 17:26:03,537 DEBUG MISService.Method.LogMethods - UpdateQuoteService:Debug:DONE
2018-07-10 17:26:03,552 DEBUG MISService.Method.LogMethods - HandleQuoteService:Debug:Done
2018-07-10 17:26:03,568 DEBUG MISService.Method.LogMethods - UpdateNote:Debug:DONE
2018-07-10 17:26:03,584 DEBUG MISService.Method.LogMethods - HandleNotes:Debug:Done
2018-07-10 17:26:03,584 DEBUG MISService.Method.LogMethods - GetAllQuote:Debug:Done
2018-07-10 17:26:04,348 DEBUG MISService.Method.LogMethods - GetAllSignPermits:Debug:Done
2018-07-10 17:26:04,738 DEBUG MISService.Method.LogMethods - GetAllHoistingPermits:Debug:Done
2018-07-10 17:26:05,440 DEBUG MISService.Method.LogMethods - GetAllStakeOutPermits:Debug:Done
2018-07-10 17:26:06,875 DEBUG MISService.Method.LogMethods - HandleWorkOrderItem:Debug:Done
2018-07-10 17:26:07,187 DEBUG MISService.Method.LogMethods - GetAllWorkShopInstruction:Debug:Done
2018-07-10 17:26:07,421 DEBUG MISService.Method.LogMethods - GetAllInstallerInstructions:Debug:Done
2018-07-10 17:26:07,593 DEBUG MISService.Method.LogMethods - GetAllCheckLists:Debug:Done
2018-07-10 17:26:08,747 DEBUG MISService.Method.LogMethods - HandleWorkOrderItem:Debug:Done
2018-07-10 17:26:09,168 DEBUG MISService.Method.LogMethods - GetAllWorkShopInstruction:Debug:Done
2018-07-10 17:26:09,418 DEBUG MISService.Method.LogMethods - GetAllServicerInstructions:Debug:Done
2018-07-10 17:26:09,605 DEBUG MISService.Method.LogMethods - GetAllCheckLists:Debug:Done
2018-07-10 17:26:13,084 DEBUG MISService.Method.LogMethods - HandleWorkOrderItem:Debug:Done
2018-07-10 17:26:13,256 DEBUG MISService.Method.LogMethods - GetAllInspectorInstructions:Debug:Done
2018-07-10 17:26:13,614 DEBUG MISService.Method.LogMethods - GetAllCheckLists:Debug:Done
2018-07-10 17:26:13,692 DEBUG MISService.Method.LogMethods - HandleApprovalStatus:Debug:Done
2018-07-10 17:26:13,692 DEBUG MISService.Method.LogMethods - GetAllWorkOrders:Debug:Done
2018-07-10 17:26:15,050 DEBUG MISService.Method.LogMethods - HandleInvoiceItem:Debug:Done
2018-07-10 17:26:15,190 ERROR MISService.Method.LogMethods - UpdateInvoiceService:Crash:Must declare the scalar variable "@qsAmount".
2018-07-10 17:26:15,221 DEBUG MISService.Method.LogMethods - HandleInvoiceService:Debug:Done
2018-07-10 17:26:15,627 DEBUG MISService.Method.LogMethods - HandleInvoiceItem:Debug:Done
2018-07-10 17:26:15,767 DEBUG MISService.Method.LogMethods - UpdateInvoiceService:Debug:DONE
2018-07-10 17:26:15,876 DEBUG MISService.Method.LogMethods - UpdateInvoiceService:Debug:DONE
2018-07-10 17:26:15,876 DEBUG MISService.Method.LogMethods - HandleInvoiceService:Debug:Done
2018-07-10 17:26:15,876 DEBUG MISService.Method.LogMethods - GetAllInvoices:Debug:Done
2018-07-10 17:26:15,876 DEBUG MISService.Method.LogMethods - GetAllProjects:Debug:Done 18P00000104
2018-07-10 17:26:15,876 DEBUG MISService.Method.LogMethods - GetAllProjects:Debug:All projects are done
2018-07-10 17:26:15,876 DEBUG MISService.Method.LogMethods - GetAllProjects:Debug:Start processing all projects
2018-07-10 17:26:16,048 DEBUG MISService.Method.LogMethods - GetUserName:Debug:User Name = anh.tran
2018-07-10 17:26:16,142 DEBUG MISService.Method.LogMethods - UpdateProject:Debug:DONE
2018-07-10 17:26:16,235 DEBUG MISService.Method.LogMethods - UpdateBiddingProject:Debug:DONE
2018-07-10 17:26:16,376 DEBUG MISService.Method.LogMethods - UpdateSales_JobMasterList_Customer:Debug:Done
2018-07-10 17:26:16,376 DEBUG MISService.Method.LogMethods - HandleAccountContact:Debug:Done
2018-07-10 17:26:16,376 DEBUG MISService.Method.LogMethods - HandleAccount:Debug:Done
2018-07-10 17:26:16,376 DEBUG MISService.Method.LogMethods - UpdateSales_JobMasterList_Customer:Debug:Done
2018-07-10 17:26:16,376 DEBUG MISService.Method.LogMethods - HandleAccountContact:Debug:Done
2018-07-10 17:26:16,376 DEBUG MISService.Method.LogMethods - HandleAccount:Debug:Done
2018-07-10 17:26:16,407 DEBUG MISService.Method.LogMethods - UpdateSales_JobMasterList_Customer:Debug:Done
2018-07-10 17:26:16,407 DEBUG MISService.Method.LogMethods - HandleAccountContact:Debug:Done
2018-07-10 17:26:16,407 DEBUG MISService.Method.LogMethods - HandleAccount:Debug:Done
2018-07-10 17:26:16,407 DEBUG MISService.Method.LogMethods - GetAllAccounts:Debug:Done
2018-07-10 17:26:16,610 DEBUG MISService.Method.LogMethods - UpdateEstItem:Debug:Done
2018-07-10 17:26:16,610 DEBUG MISService.Method.LogMethods - UpdateEstItemSize:Debug:Done
2018-07-10 17:26:16,625 DEBUG MISService.Method.LogMethods - UpdateEstItem:Debug:Done
2018-07-10 17:26:16,625 DEBUG MISService.Method.LogMethods - UpdateEstItemSize:Debug:Done
2018-07-10 17:26:16,625 DEBUG MISService.Method.LogMethods - GetAllItems:Debug:Done
2018-07-10 17:26:16,766 DEBUG MISService.Method.LogMethods - UpdateEstService:Debug:Done
2018-07-10 17:26:16,766 DEBUG MISService.Method.LogMethods - UpdateEstService:Debug:Done
2018-07-10 17:26:16,766 DEBUG MISService.Method.LogMethods - UpdateEstService:Debug:Done
2018-07-10 17:26:16,766 DEBUG MISService.Method.LogMethods - GetAllServices:Debug:Done
2018-07-10 17:26:16,766 DEBUG MISService.Method.LogMethods - GetEstimation:Debug:Done
2018-07-10 17:26:16,922 DEBUG MISService.Method.LogMethods - UpdateMISSalesForceMapping:Debug:Done
2018-07-10 17:26:17,078 DEBUG MISService.Method.LogMethods - GetAllDrawingItems:Debug:Done
2018-07-10 17:26:17,561 DEBUG MISService.Method.LogMethods - UpdateQuoteItem:Debug:DONE
2018-07-10 17:26:17,608 DEBUG MISService.Method.LogMethods - UpdateQuoteItem:Debug:DONE
2018-07-10 17:26:17,655 DEBUG MISService.Method.LogMethods - HandleQuoteItem:Debug:Done
2018-07-10 17:26:17,811 DEBUG MISService.Method.LogMethods - UpdateQuoteService:Debug:DONE
2018-07-10 17:26:17,873 DEBUG MISService.Method.LogMethods - UpdateQuoteService:Debug:DONE
2018-07-10 17:26:17,920 DEBUG MISService.Method.LogMethods - UpdateQuoteService:Debug:DONE
2018-07-10 17:26:17,936 DEBUG MISService.Method.LogMethods - HandleQuoteService:Debug:Done
2018-07-10 17:26:17,951 DEBUG MISService.Method.LogMethods - UpdateNote:Debug:DONE
2018-07-10 17:26:17,998 DEBUG MISService.Method.LogMethods - HandleNotes:Debug:Done
2018-07-10 17:26:18,076 DEBUG MISService.Method.LogMethods - GetAllQuote:Debug:Done
2018-07-10 17:26:18,747 DEBUG MISService.Method.LogMethods - GetAllSignPermits:Debug:Done
2018-07-10 17:26:19,043 DEBUG MISService.Method.LogMethods - GetAllHoistingPermits:Debug:Done
2018-07-10 17:26:19,418 DEBUG MISService.Method.LogMethods - GetAllStakeOutPermits:Debug:Done
2018-07-10 17:26:20,104 DEBUG MISService.Method.LogMethods - HandleWorkOrderItem:Debug:Done
2018-07-10 17:26:20,291 DEBUG MISService.Method.LogMethods - GetAllWorkShopInstruction:Debug:Done
2018-07-10 17:26:20,541 DEBUG MISService.Method.LogMethods - GetAllInstallerInstructions:Debug:Done
2018-07-10 17:26:20,759 DEBUG MISService.Method.LogMethods - GetAllCheckLists:Debug:Done
2018-07-10 17:26:22,631 DEBUG MISService.Method.LogMethods - HandleWorkOrderItem:Debug:Done
2018-07-10 17:26:22,974 DEBUG MISService.Method.LogMethods - GetAllWorkShopInstruction:Debug:Done
2018-07-10 17:26:23,115 DEBUG MISService.Method.LogMethods - GetAllServicerInstructions:Debug:Done
2018-07-10 17:26:23,271 DEBUG MISService.Method.LogMethods - GetAllCheckLists:Debug:Done
2018-07-10 17:26:23,614 DEBUG MISService.Method.LogMethods - HandleWorkOrderItem:Debug:Done
2018-07-10 17:26:23,739 DEBUG MISService.Method.LogMethods - GetAllInspectorInstructions:Debug:Done
2018-07-10 17:26:23,864 DEBUG MISService.Method.LogMethods - GetAllCheckLists:Debug:Done
2018-07-10 17:26:24,004 DEBUG MISService.Method.LogMethods - HandleApprovalStatus:Debug:Done
2018-07-10 17:26:24,004 DEBUG MISService.Method.LogMethods - GetAllWorkOrders:Debug:Done
2018-07-10 17:26:24,644 DEBUG MISService.Method.LogMethods - HandleInvoiceItem:Debug:Done
2018-07-10 17:26:24,784 ERROR MISService.Method.LogMethods - UpdateInvoiceService:Crash:Must declare the scalar variable "@qsAmount".
2018-07-10 17:26:24,831 DEBUG MISService.Method.LogMethods - HandleInvoiceService:Debug:Done
2018-07-10 17:26:25,486 DEBUG MISService.Method.LogMethods - HandleInvoiceItem:Debug:Done
2018-07-10 17:26:25,642 DEBUG MISService.Method.LogMethods - UpdateInvoiceService:Debug:DONE
2018-07-10 17:26:25,720 DEBUG MISService.Method.LogMethods - UpdateInvoiceService:Debug:DONE
2018-07-10 17:26:25,751 DEBUG MISService.Method.LogMethods - HandleInvoiceService:Debug:Done
2018-07-10 17:26:25,751 DEBUG MISService.Method.LogMethods - GetAllInvoices:Debug:Done
2018-07-10 17:26:25,751 DEBUG MISService.Method.LogMethods - GetAllProjects:Debug:Done 18P00000104
2018-07-10 17:26:25,751 DEBUG MISService.Method.LogMethods - GetAllProjects:Debug:All projects are done
2018-07-10 17:26:25,751 DEBUG MISService.Method.LogMethods - GetAllProjects:Debug:Start processing all projects
2018-07-10 17:26:26,001 DEBUG MISService.Method.LogMethods - GetUserName:Debug:User Name = anh.tran
2018-07-10 17:26:26,141 DEBUG MISService.Method.LogMethods - UpdateProject:Debug:DONE
2018-07-10 17:26:26,235 DEBUG MISService.Method.LogMethods - UpdateBiddingProject:Debug:DONE
2018-07-10 17:26:27,108 DEBUG MISService.Method.LogMethods - UpdateSales_JobMasterList_Customer:Debug:Done
2018-07-10 17:26:27,108 DEBUG MISService.Method.LogMethods - HandleAccountContact:Debug:Done
2018-07-10 17:26:27,108 DEBUG MISService.Method.LogMethods - HandleAccount:Debug:Done
2018-07-10 17:26:27,795 DEBUG MISService.Method.LogMethods - UpdateSales_JobMasterList_Customer:Debug:Done
2018-07-10 17:26:27,795 DEBUG MISService.Method.LogMethods - HandleAccountContact:Debug:Done
2018-07-10 17:26:27,795 DEBUG MISService.Method.LogMethods - HandleAccount:Debug:Done
2018-07-10 17:26:28,466 DEBUG MISService.Method.LogMethods - UpdateSales_JobMasterList_Customer:Debug:Done
2018-07-10 17:26:28,466 DEBUG MISService.Method.LogMethods - HandleAccountContact:Debug:Done
2018-07-10 17:26:28,466 DEBUG MISService.Method.LogMethods - HandleAccount:Debug:Done
2018-07-10 17:26:28,466 DEBUG MISService.Method.LogMethods - GetAllAccounts:Debug:Done
2018-07-10 17:26:28,902 DEBUG MISService.Method.LogMethods - UpdateEstItem:Debug:Done
2018-07-10 17:26:29,230 DEBUG MISService.Method.LogMethods - UpdateEstItemSize:Debug:Done
2018-07-10 17:26:29,464 DEBUG MISService.Method.LogMethods - UpdateEstItem:Debug:Done
2018-07-10 17:26:29,511 DEBUG MISService.Method.LogMethods - UpdateEstItemSize:Debug:Done
2018-07-10 17:26:29,526 DEBUG MISService.Method.LogMethods - GetAllItems:Debug:Done
2018-07-10 17:26:29,698 DEBUG MISService.Method.LogMethods - UpdateEstService:Debug:Done
2018-07-10 17:26:29,698 DEBUG MISService.Method.LogMethods - UpdateEstService:Debug:Done
2018-07-10 17:26:29,714 DEBUG MISService.Method.LogMethods - UpdateEstService:Debug:Done
2018-07-10 17:26:29,714 DEBUG MISService.Method.LogMethods - GetAllServices:Debug:Done
2018-07-10 17:26:29,714 DEBUG MISService.Method.LogMethods - GetEstimation:Debug:Done
2018-07-10 17:26:29,932 DEBUG MISService.Method.LogMethods - UpdateMISSalesForceMapping:Debug:Done
2018-07-10 17:26:30,057 DEBUG MISService.Method.LogMethods - GetAllDrawingItems:Debug:Done
2018-07-10 17:26:30,338 DEBUG MISService.Method.LogMethods - UpdateQuoteItem:Debug:DONE
2018-07-10 17:26:30,338 DEBUG MISService.Method.LogMethods - UpdateQuoteItem:Debug:DONE
2018-07-10 17:26:30,338 DEBUG MISService.Method.LogMethods - HandleQuoteItem:Debug:Done
2018-07-10 17:26:30,525 DEBUG MISService.Method.LogMethods - UpdateQuoteService:Debug:DONE
2018-07-10 17:26:30,525 DEBUG MISService.Method.LogMethods - UpdateQuoteService:Debug:DONE
2018-07-10 17:26:30,525 DEBUG MISService.Method.LogMethods - UpdateQuoteService:Debug:DONE
2018-07-10 17:26:30,525 DEBUG MISService.Method.LogMethods - HandleQuoteService:Debug:Done
2018-07-10 17:26:30,525 DEBUG MISService.Method.LogMethods - UpdateNote:Debug:DONE
2018-07-10 17:26:30,525 DEBUG MISService.Method.LogMethods - HandleNotes:Debug:Done
2018-07-10 17:26:30,525 DEBUG MISService.Method.LogMethods - GetAllQuote:Debug:Done
2018-07-10 17:26:30,665 DEBUG MISService.Method.LogMethods - GetAllSignPermits:Debug:Done
2018-07-10 17:26:31,024 DEBUG MISService.Method.LogMethods - GetAllHoistingPermits:Debug:Done
2018-07-10 17:26:31,648 DEBUG MISService.Method.LogMethods - GetAllStakeOutPermits:Debug:Done
2018-07-10 17:26:32,132 DEBUG MISService.Method.LogMethods - HandleWorkOrderItem:Debug:Done
2018-07-10 17:26:32,506 DEBUG MISService.Method.LogMethods - GetAllWorkShopInstruction:Debug:Done
2018-07-10 17:26:32,740 DEBUG MISService.Method.LogMethods - GetAllInstallerInstructions:Debug:Done
2018-07-10 17:26:32,958 DEBUG MISService.Method.LogMethods - GetAllCheckLists:Debug:Done
2018-07-10 17:26:34,253 DEBUG MISService.Method.LogMethods - HandleWorkOrderItem:Debug:Done
2018-07-10 17:26:34,581 DEBUG MISService.Method.LogMethods - GetAllWorkShopInstruction:Debug:Done
2018-07-10 17:26:34,862 DEBUG MISService.Method.LogMethods - GetAllServicerInstructions:Debug:Done
2018-07-10 17:26:34,986 DEBUG MISService.Method.LogMethods - GetAllCheckLists:Debug:Done
2018-07-10 17:26:35,735 DEBUG MISService.Method.LogMethods - HandleWorkOrderItem:Debug:Done
2018-07-10 17:26:36,125 DEBUG MISService.Method.LogMethods - GetAllInspectorInstructions:Debug:Done
2018-07-10 17:26:36,250 DEBUG MISService.Method.LogMethods - GetAllCheckLists:Debug:Done
2018-07-10 17:26:36,406 DEBUG MISService.Method.LogMethods - HandleApprovalStatus:Debug:Done
2018-07-10 17:26:36,406 DEBUG MISService.Method.LogMethods - GetAllWorkOrders:Debug:Done
2018-07-10 17:26:36,687 DEBUG MISService.Method.LogMethods - HandleInvoiceItem:Debug:Done
2018-07-10 17:26:36,843 ERROR MISService.Method.LogMethods - UpdateInvoiceService:Crash:Must declare the scalar variable "@qsAmount".
2018-07-10 17:26:36,843 DEBUG MISService.Method.LogMethods - HandleInvoiceService:Debug:Done
2018-07-10 17:26:37,654 DEBUG MISService.Method.LogMethods - HandleInvoiceItem:Debug:Done
2018-07-10 17:26:37,826 DEBUG MISService.Method.LogMethods - UpdateInvoiceService:Debug:DONE
2018-07-10 17:26:37,872 DEBUG MISService.Method.LogMethods - UpdateInvoiceService:Debug:DONE
2018-07-10 17:26:37,935 DEBUG MISService.Method.LogMethods - HandleInvoiceService:Debug:Done
2018-07-10 17:26:37,935 DEBUG MISService.Method.LogMethods - GetAllInvoices:Debug:Done
2018-07-10 17:26:37,935 DEBUG MISService.Method.LogMethods - GetAllProjects:Debug:Done 18P00000104
2018-07-10 17:26:37,935 DEBUG MISService.Method.LogMethods - GetAllProjects:Debug:All projects are done
2018-07-10 17:26:37,935 DEBUG MISService.Method.LogMethods - GetAllProjects:Debug:Start processing all projects
2018-07-10 17:26:38,200 DEBUG MISService.Method.LogMethods - GetUserName:Debug:User Name = anh.tran
2018-07-10 17:26:38,309 DEBUG MISService.Method.LogMethods - UpdateProject:Debug:DONE
2018-07-10 17:26:38,387 DEBUG MISService.Method.LogMethods - UpdateBiddingProject:Debug:DONE
2018-07-10 17:26:38,964 DEBUG MISService.Method.LogMethods - UpdateSales_JobMasterList_Customer:Debug:Done
2018-07-10 17:26:38,964 DEBUG MISService.Method.LogMethods - HandleAccountContact:Debug:Done
2018-07-10 17:26:38,964 DEBUG MISService.Method.LogMethods - HandleAccount:Debug:Done
2018-07-10 17:26:39,838 DEBUG MISService.Method.LogMethods - UpdateSales_JobMasterList_Customer:Debug:Done
2018-07-10 17:26:39,838 DEBUG MISService.Method.LogMethods - HandleAccountContact:Debug:Done
2018-07-10 17:26:39,838 DEBUG MISService.Method.LogMethods - HandleAccount:Debug:Done
2018-07-10 17:26:40,665 DEBUG MISService.Method.LogMethods - UpdateSales_JobMasterList_Customer:Debug:Done
2018-07-10 17:26:40,665 DEBUG MISService.Method.LogMethods - HandleAccountContact:Debug:Done
2018-07-10 17:26:40,665 DEBUG MISService.Method.LogMethods - HandleAccount:Debug:Done
2018-07-10 17:26:40,665 DEBUG MISService.Method.LogMethods - GetAllAccounts:Debug:Done
2018-07-10 17:26:41,289 DEBUG MISService.Method.LogMethods - UpdateEstItem:Debug:Done
2018-07-10 17:26:41,585 DEBUG MISService.Method.LogMethods - UpdateEstItemSize:Debug:Done
2018-07-10 17:26:41,835 DEBUG MISService.Method.LogMethods - UpdateEstItem:Debug:Done
2018-07-10 17:26:41,991 DEBUG MISService.Method.LogMethods - UpdateEstItemSize:Debug:Done
2018-07-10 17:26:41,991 DEBUG MISService.Method.LogMethods - GetAllItems:Debug:Done
2018-07-10 17:26:42,396 DEBUG MISService.Method.LogMethods - UpdateEstService:Debug:Done
2018-07-10 17:26:42,693 DEBUG MISService.Method.LogMethods - UpdateEstService:Debug:Done
2018-07-10 17:26:42,849 DEBUG MISService.Method.LogMethods - UpdateEstService:Debug:Done
2018-07-10 17:26:42,849 DEBUG MISService.Method.LogMethods - GetAllServices:Debug:Done
2018-07-10 17:26:42,849 DEBUG MISService.Method.LogMethods - GetEstimation:Debug:Done
2018-07-10 17:26:43,114 DEBUG MISService.Method.LogMethods - UpdateMISSalesForceMapping:Debug:Done
2018-07-10 17:26:43,239 DEBUG MISService.Method.LogMethods - GetAllDrawingItems:Debug:Done
2018-07-10 17:26:43,504 DEBUG MISService.Method.LogMethods - UpdateQuoteItem:Debug:DONE
2018-07-10 17:26:43,504 DEBUG MISService.Method.LogMethods - UpdateQuoteItem:Debug:DONE
2018-07-10 17:26:43,504 DEBUG MISService.Method.LogMethods - HandleQuoteItem:Debug:Done
2018-07-10 17:26:43,676 DEBUG MISService.Method.LogMethods - UpdateQuoteService:Debug:DONE
2018-07-10 17:26:43,676 DEBUG MISService.Method.LogMethods - UpdateQuoteService:Debug:DONE
2018-07-10 17:26:43,676 DEBUG MISService.Method.LogMethods - UpdateQuoteService:Debug:DONE
2018-07-10 17:26:43,676 DEBUG MISService.Method.LogMethods - HandleQuoteService:Debug:Done
2018-07-10 17:26:43,676 DEBUG MISService.Method.LogMethods - UpdateNote:Debug:DONE
2018-07-10 17:26:43,676 DEBUG MISService.Method.LogMethods - HandleNotes:Debug:Done
2018-07-10 17:26:43,676 DEBUG MISService.Method.LogMethods - GetAllQuote:Debug:Done
2018-07-10 17:26:44,643 DEBUG MISService.Method.LogMethods - GetAllSignPermits:Debug:Done
2018-07-10 17:26:44,752 DEBUG MISService.Method.LogMethods - GetAllHoistingPermits:Debug:Done
2018-07-10 17:26:45,454 DEBUG MISService.Method.LogMethods - GetAllStakeOutPermits:Debug:Done
2018-07-10 17:26:46,000 DEBUG MISService.Method.LogMethods - HandleWorkOrderItem:Debug:Done
2018-07-10 17:26:46,219 DEBUG MISService.Method.LogMethods - GetAllWorkShopInstruction:Debug:Done
2018-07-10 17:26:46,359 DEBUG MISService.Method.LogMethods - GetAllInstallerInstructions:Debug:Done
2018-07-10 17:26:46,609 DEBUG MISService.Method.LogMethods - GetAllCheckLists:Debug:Done
2018-07-10 17:26:47,373 DEBUG MISService.Method.LogMethods - HandleWorkOrderItem:Debug:Done
2018-07-10 17:26:47,669 DEBUG MISService.Method.LogMethods - GetAllWorkShopInstruction:Debug:Done
2018-07-10 17:26:47,903 DEBUG MISService.Method.LogMethods - GetAllServicerInstructions:Debug:Done
2018-07-10 17:26:48,137 DEBUG MISService.Method.LogMethods - GetAllCheckLists:Debug:Done
2018-07-10 17:26:49,370 DEBUG MISService.Method.LogMethods - HandleWorkOrderItem:Debug:Done
2018-07-10 17:26:49,495 DEBUG MISService.Method.LogMethods - GetAllInspectorInstructions:Debug:Done
2018-07-10 17:26:49,619 DEBUG MISService.Method.LogMethods - GetAllCheckLists:Debug:Done
2018-07-10 17:26:49,885 DEBUG MISService.Method.LogMethods - HandleApprovalStatus:Debug:Done
2018-07-10 17:26:49,885 DEBUG MISService.Method.LogMethods - GetAllWorkOrders:Debug:Done
2018-07-10 17:26:50,165 DEBUG MISService.Method.LogMethods - HandleInvoiceItem:Debug:Done
2018-07-10 17:26:50,306 ERROR MISService.Method.LogMethods - UpdateInvoiceService:Crash:Must declare the scalar variable "@qsAmount".
2018-07-10 17:26:50,306 DEBUG MISService.Method.LogMethods - HandleInvoiceService:Debug:Done
2018-07-10 17:26:50,836 DEBUG MISService.Method.LogMethods - HandleInvoiceItem:Debug:Done
2018-07-10 17:26:51,023 DEBUG MISService.Method.LogMethods - UpdateInvoiceService:Debug:DONE
2018-07-10 17:26:51,133 DEBUG MISService.Method.LogMethods - UpdateInvoiceService:Debug:DONE
2018-07-10 17:26:51,133 DEBUG MISService.Method.LogMethods - HandleInvoiceService:Debug:Done
2018-07-10 17:26:51,133 DEBUG MISService.Method.LogMethods - GetAllInvoices:Debug:Done
2018-07-10 17:26:51,133 DEBUG MISService.Method.LogMethods - GetAllProjects:Debug:Done 18P00000104
2018-07-10 17:26:51,133 DEBUG MISService.Method.LogMethods - GetAllProjects:Debug:All projects are done
2018-07-10 17:26:51,133 DEBUG MISService.Method.LogMethods - GetAllProjects:Debug:Start processing all projects
2018-07-10 17:26:51,382 DEBUG MISService.Method.LogMethods - GetUserName:Debug:User Name = anh.tran
2018-07-10 17:26:51,491 DEBUG MISService.Method.LogMethods - UpdateProject:Debug:DONE
2018-07-10 17:26:51,523 DEBUG MISService.Method.LogMethods - UpdateBiddingProject:Debug:DONE
2018-07-10 17:26:51,975 DEBUG MISService.Method.LogMethods - UpdateSales_JobMasterList_Customer:Debug:Done
2018-07-10 17:26:51,975 DEBUG MISService.Method.LogMethods - HandleAccountContact:Debug:Done
2018-07-10 17:26:51,975 DEBUG MISService.Method.LogMethods - HandleAccount:Debug:Done
2018-07-10 17:26:52,552 DEBUG MISService.Method.LogMethods - UpdateSales_JobMasterList_Customer:Debug:Done
2018-07-10 17:26:52,552 DEBUG MISService.Method.LogMethods - HandleAccountContact:Debug:Done
2018-07-10 17:26:52,552 DEBUG MISService.Method.LogMethods - HandleAccount:Debug:Done
2018-07-10 17:26:52,755 DEBUG MISService.Method.LogMethods - UpdateSales_JobMasterList_Customer:Debug:Done
2018-07-10 17:26:52,755 DEBUG MISService.Method.LogMethods - HandleAccountContact:Debug:Done
2018-07-10 17:26:52,755 DEBUG MISService.Method.LogMethods - HandleAccount:Debug:Done
2018-07-10 17:26:52,755 DEBUG MISService.Method.LogMethods - GetAllAccounts:Debug:Done
2018-07-10 17:26:56,827 DEBUG MISService.Method.LogMethods - UpdateEstItem:Debug:Done
2018-07-10 17:26:56,842 DEBUG MISService.Method.LogMethods - UpdateEstItemSize:Debug:Done
2018-07-10 17:26:56,842 DEBUG MISService.Method.LogMethods - UpdateEstItem:Debug:Done
2018-07-10 17:26:56,858 DEBUG MISService.Method.LogMethods - UpdateEstItemSize:Debug:Done
2018-07-10 17:26:56,858 DEBUG MISService.Method.LogMethods - GetAllItems:Debug:Done
2018-07-10 17:26:56,951 DEBUG MISService.Method.LogMethods - UpdateEstService:Debug:Done
2018-07-10 17:26:56,951 DEBUG MISService.Method.LogMethods - UpdateEstService:Debug:Done
2018-07-10 17:26:56,951 DEBUG MISService.Method.LogMethods - UpdateEstService:Debug:Done
2018-07-10 17:26:56,951 DEBUG MISService.Method.LogMethods - GetAllServices:Debug:Done
2018-07-10 17:26:56,951 DEBUG MISService.Method.LogMethods - GetEstimation:Debug:Done
2018-07-10 17:26:57,076 DEBUG MISService.Method.LogMethods - UpdateMISSalesForceMapping:Debug:Done
2018-07-10 17:26:57,170 DEBUG MISService.Method.LogMethods - GetAllDrawingItems:Debug:Done
2018-07-10 17:26:57,435 DEBUG MISService.Method.LogMethods - UpdateQuoteItem:Debug:DONE
2018-07-10 17:26:57,435 DEBUG MISService.Method.LogMethods - UpdateQuoteItem:Debug:DONE
2018-07-10 17:26:57,435 DEBUG MISService.Method.LogMethods - HandleQuoteItem:Debug:Done
2018-07-10 17:26:57,575 DEBUG MISService.Method.LogMethods - UpdateQuoteService:Debug:DONE
2018-07-10 17:26:57,653 DEBUG MISService.Method.LogMethods - UpdateQuoteService:Debug:DONE
2018-07-10 17:26:57,669 DEBUG MISService.Method.LogMethods - UpdateQuoteService:Debug:DONE
2018-07-10 17:26:57,685 DEBUG MISService.Method.LogMethods - HandleQuoteService:Debug:Done
2018-07-10 17:26:57,778 DEBUG MISService.Method.LogMethods - UpdateNote:Debug:DONE
2018-07-10 17:26:57,794 DEBUG MISService.Method.LogMethods - HandleNotes:Debug:Done
2018-07-10 17:26:57,887 DEBUG MISService.Method.LogMethods - GetAllQuote:Debug:Done
2018-07-10 17:26:58,574 DEBUG MISService.Method.LogMethods - GetAllSignPermits:Debug:Done
2018-07-10 17:26:58,777 DEBUG MISService.Method.LogMethods - GetAllHoistingPermits:Debug:Done
2018-07-10 17:26:59,557 DEBUG MISService.Method.LogMethods - GetAllStakeOutPermits:Debug:Done
2018-07-10 17:27:00,196 DEBUG MISService.Method.LogMethods - HandleWorkOrderItem:Debug:Done
2018-07-10 17:27:00,477 DEBUG MISService.Method.LogMethods - GetAllWorkShopInstruction:Debug:Done
2018-07-10 17:27:00,617 DEBUG MISService.Method.LogMethods - GetAllInstallerInstructions:Debug:Done
2018-07-10 17:27:00,758 DEBUG MISService.Method.LogMethods - GetAllCheckLists:Debug:Done
2018-07-10 17:27:01,507 DEBUG MISService.Method.LogMethods - HandleWorkOrderItem:Debug:Done
2018-07-10 17:27:01,741 DEBUG MISService.Method.LogMethods - GetAllWorkShopInstruction:Debug:Done
2018-07-10 17:27:01,959 DEBUG MISService.Method.LogMethods - GetAllServicerInstructions:Debug:Done
2018-07-10 17:27:02,131 DEBUG MISService.Method.LogMethods - GetAllCheckLists:Debug:Done
2018-07-10 17:27:02,552 DEBUG MISService.Method.LogMethods - HandleWorkOrderItem:Debug:Done
2018-07-10 17:27:02,677 DEBUG MISService.Method.LogMethods - GetAllInspectorInstructions:Debug:Done
2018-07-10 17:27:02,801 DEBUG MISService.Method.LogMethods - GetAllCheckLists:Debug:Done
2018-07-10 17:27:02,926 DEBUG MISService.Method.LogMethods - HandleApprovalStatus:Debug:Done
2018-07-10 17:27:02,926 DEBUG MISService.Method.LogMethods - GetAllWorkOrders:Debug:Done
2018-07-10 17:27:03,207 DEBUG MISService.Method.LogMethods - HandleInvoiceItem:Debug:Done
2018-07-10 17:27:03,332 ERROR MISService.Method.LogMethods - UpdateInvoiceService:Crash:Must declare the scalar variable "@qsAmount".
2018-07-10 17:27:03,332 DEBUG MISService.Method.LogMethods - HandleInvoiceService:Debug:Done
2018-07-10 17:27:03,503 DEBUG MISService.Method.LogMethods - HandleInvoiceItem:Debug:Done
2018-07-10 17:27:03,628 DEBUG MISService.Method.LogMethods - UpdateInvoiceService:Debug:DONE
2018-07-10 17:27:03,628 DEBUG MISService.Method.LogMethods - UpdateInvoiceService:Debug:DONE
2018-07-10 17:27:03,628 DEBUG MISService.Method.LogMethods - HandleInvoiceService:Debug:Done
2018-07-10 17:27:03,628 DEBUG MISService.Method.LogMethods - GetAllInvoices:Debug:Done
2018-07-10 17:27:03,628 DEBUG MISService.Method.LogMethods - GetAllProjects:Debug:Done 18P00000104
2018-07-10 17:27:03,628 DEBUG MISService.Method.LogMethods - GetAllProjects:Debug:All projects are done
2018-07-10 17:27:03,628 DEBUG MISService.Method.LogMethods - -------------- *** Endings MISService *** ------------ 
