2018-07-16 10:51:04,447 INFO MISService.Method.LogMethods - -------------- *** Starting MISService *** ------------ 
2018-07-16 10:51:27,332 INFO MISService.Method.LogMethods - -------------- *** Starting MISService *** ------------ 
2018-07-16 10:51:48,407 INFO MISService.Method.LogMethods - GetAllProjects:Debug:Start processing all projects
2018-07-16 10:52:41,697 INFO MISService.Method.LogMethods - -------------- *** Starting MISService *** ------------ 
2018-07-16 10:52:51,135 INFO MISService.Method.LogMethods - GetAllProjects:Debug:Start processing all projects
2018-07-16 10:53:15,190 INFO MISService.Method.LogMethods - GetAllProjects:Info:Processing project name:TMA solution
2018-07-16 10:56:08,132 INFO MISService.Method.LogMethods - -------------- *** Starting MISService *** ------------ 
2018-07-16 10:56:18,927 INFO MISService.Method.LogMethods - GetAllProjects:Debug:Start processing all projects
2018-07-16 11:05:28,516 INFO MISService.Method.LogMethods - GetAllProjects:Info:Processing project name:TMA solution
2018-07-16 11:17:00,825 INFO MISService.Method.LogMethods - -------------- *** Starting MISService *** ------------ 
2018-07-16 11:17:10,622 INFO MISService.Method.LogMethods - GetAllProjects:Debug:Start processing all projects
2018-07-16 11:17:18,219 INFO MISService.Method.LogMethods - GetAllProjects:Info:Processing project name:TMA solution
2018-07-16 11:30:21,988 INFO MISService.Method.LogMethods - -------------- *** Starting MISService *** ------------ 
2018-07-16 11:30:47,385 INFO MISService.Method.LogMethods - -------------- *** Starting MISService *** ------------ 
2018-07-16 11:30:56,947 INFO MISService.Method.LogMethods - GetAllProjects:Debug:Start processing all projects
2018-07-16 11:32:04,402 INFO MISService.Method.LogMethods - GetAllProjects:Info:Processing project name:TMA solution
2018-07-16 11:33:51,028 INFO MISService.Method.LogMethods - -------------- *** Starting MISService *** ------------ 
2018-07-16 11:34:01,589 INFO MISService.Method.LogMethods - GetAllProjects:Debug:Start processing all projects
2018-07-16 11:34:05,474 INFO MISService.Method.LogMethods - GetAllProjects:Info:Processing project name:TMA solution
2018-07-16 11:54:54,297 INFO MISService.Method.LogMethods - -------------- *** Starting MISService *** ------------ 
2018-07-16 11:55:07,011 INFO MISService.Method.LogMethods - GetAllProjects:Debug:Start processing all projects
2018-07-16 11:57:27,021 INFO MISService.Method.LogMethods - GetAllProjects:Info:Processing project name:TMA solution
2018-07-16 12:04:34,184 INFO MISService.Method.LogMethods - -------------- *** Starting MISService *** ------------ 
2018-07-16 12:04:45,712 INFO MISService.Method.LogMethods - GetAllProjects:Debug:Start processing all projects
2018-07-16 12:05:22,482 INFO MISService.Method.LogMethods - GetAllProjects:Info:Processing project name:TMA solution
2018-07-16 12:06:35,115 INFO MISService.Method.LogMethods - -------------- *** Starting MISService *** ------------ 
2018-07-16 12:06:46,628 INFO MISService.Method.LogMethods - GetAllProjects:Debug:Start processing all projects
2018-07-16 12:06:49,124 INFO MISService.Method.LogMethods - GetAllProjects:Info:Processing project name:TMA solution
2018-07-16 13:43:50,805 INFO MISService.Method.LogMethods - -------------- *** Starting MISService *** ------------ 
2018-07-16 13:44:01,241 INFO MISService.Method.LogMethods - GetAllProjects:Debug:Start processing all projects
2018-07-16 13:44:04,190 INFO MISService.Method.LogMethods - GetAllProjects:Info:Processing project name:TMA solution
2018-07-16 13:47:40,593 INFO MISService.Method.LogMethods - -------------- *** Starting MISService *** ------------ 
2018-07-16 13:48:19,827 INFO MISService.Method.LogMethods - -------------- *** Starting MISService *** ------------ 
2018-07-16 13:48:28,844 INFO MISService.Method.LogMethods - GetAllProjects:Debug:Start processing all projects
2018-07-16 13:48:30,856 INFO MISService.Method.LogMethods - GetAllProjects:Info:Processing project name:TMA solution
2018-07-16 14:08:36,052 INFO MISService.Method.LogMethods - -------------- *** Starting MISService *** ------------ 
2018-07-16 14:08:47,050 INFO MISService.Method.LogMethods - GetAllProjects:Debug:Start processing all projects
2018-07-16 14:08:49,156 INFO MISService.Method.LogMethods - GetAllProjects:Info:Processing project name:TMA solution
2018-07-16 14:35:36,318 INFO MISService.Method.LogMethods - -------------- *** Starting MISService *** ------------ 
2018-07-16 14:35:46,286 INFO MISService.Method.LogMethods - GetAllProjects:Debug:Start processing all projects
2018-07-16 14:35:48,439 INFO MISService.Method.LogMethods - GetAllProjects:Info:Processing project name:TMA solution
2018-07-16 14:36:48,156 INFO MISService.Method.LogMethods - -------------- *** Starting MISService *** ------------ 
2018-07-16 14:36:58,078 INFO MISService.Method.LogMethods - GetAllProjects:Debug:Start processing all projects
2018-07-16 14:37:00,371 INFO MISService.Method.LogMethods - GetAllProjects:Info:Processing project name:TMA solution
2018-07-17 15:48:54,843 INFO MISService.Method.LogMethods - -------------- *** Starting MISService *** ------------ 
2018-07-17 15:49:03,829 INFO MISService.Method.LogMethods - GetAllProjects:Debug:Start processing all projects
2018-07-17 15:49:05,810 INFO MISService.Method.LogMethods - GetAllProjects:Info:Processing project name:TMA solution
2018-07-17 15:54:44,658 INFO MISService.Method.LogMethods - -------------- *** Starting MISService *** ------------ 
2018-07-17 15:54:56,327 INFO MISService.Method.LogMethods - GetAllProjects:Debug:Start processing all projects
2018-07-17 15:54:58,371 INFO MISService.Method.LogMethods - GetAllProjects:Info:Processing project name:TMA solution
2018-07-17 16:01:22,764 INFO MISService.Method.LogMethods - -------------- *** Starting MISService *** ------------ 
2018-07-17 16:01:32,030 INFO MISService.Method.LogMethods - GetAllProjects:Debug:Start processing all projects
2018-07-17 16:01:34,012 INFO MISService.Method.LogMethods - GetAllProjects:Info:Processing project name:TMA solution
2018-07-17 16:07:43,009 INFO MISService.Method.LogMethods - -------------- *** Starting MISService *** ------------ 
2018-07-17 16:07:52,884 INFO MISService.Method.LogMethods - GetAllProjects:Debug:Start processing all projects
2018-07-17 16:07:54,912 INFO MISService.Method.LogMethods - GetAllProjects:Info:Processing project name:TMA solution
2018-07-17 16:09:22,085 INFO MISService.Method.LogMethods - -------------- *** Starting MISService *** ------------ 
2018-07-17 16:09:34,440 INFO MISService.Method.LogMethods - GetAllProjects:Debug:Start processing all projects
2018-07-17 16:09:36,452 INFO MISService.Method.LogMethods - GetAllProjects:Info:Processing project name:TMA solution
2018-07-17 16:15:06,315 INFO MISService.Method.LogMethods - -------------- *** Starting MISService *** ------------ 
2018-07-17 16:15:16,533 INFO MISService.Method.LogMethods - GetAllProjects:Debug:Start processing all projects
2018-07-17 16:15:18,748 INFO MISService.Method.LogMethods - GetAllProjects:Info:Processing project name:TMA solution
2018-07-17 16:32:35,324 INFO MISService.Method.LogMethods - -------------- *** Starting MISService *** ------------ 
2018-07-17 16:32:44,998 INFO MISService.Method.LogMethods - GetAllProjects:Debug:Start processing all projects
2018-07-17 16:32:48,094 INFO MISService.Method.LogMethods - GetAllProjects:Info:Processing project name:TMA solution
2018-07-17 16:33:51,364 INFO MISService.Method.LogMethods - GetAllProjects:Info:Done: TMA solution<Project Num:18P000115>
2018-07-17 16:33:51,364 INFO MISService.Method.LogMethods - GetAllProjects:Info:All projects are done
2018-07-17 16:34:36,753 INFO MISService.Method.LogMethods - -------------- *** Starting MISService *** ------------ 
2018-07-17 16:34:47,314 INFO MISService.Method.LogMethods - GetAllProjects:Debug:Start processing all projects
2018-07-17 16:34:49,433 INFO MISService.Method.LogMethods - GetAllProjects:Info:Processing project name:TMA solution
2018-07-17 16:36:04,440 INFO MISService.Method.LogMethods - -------------- *** Starting MISService *** ------------ 
2018-07-17 16:36:13,880 INFO MISService.Method.LogMethods - GetAllProjects:Debug:Start processing all projects
2018-07-17 16:36:16,023 INFO MISService.Method.LogMethods - GetAllProjects:Info:Processing project name:TMA solution
2018-07-17 16:36:58,866 INFO MISService.Method.LogMethods - GetAllProjects:Info:Done: TMA solution<Project Num:18P000115>
2018-07-17 16:36:58,867 INFO MISService.Method.LogMethods - GetAllProjects:Info:All projects are done
2018-07-17 16:42:31,373 INFO MISService.Method.LogMethods - -------------- *** Starting MISService *** ------------ 
2018-07-17 16:42:40,609 INFO MISService.Method.LogMethods - GetAllProjects:Debug:Start processing all projects
2018-07-17 16:42:42,605 INFO MISService.Method.LogMethods - GetAllProjects:Info:Processing project name:TMA solution
2018-07-17 16:42:52,616 INFO MISService.Method.LogMethods - GetAllProjects:Info:Done: TMA solution<Project Num:18P000115>
2018-07-17 16:42:52,616 INFO MISService.Method.LogMethods - GetAllProjects:Info:All projects are done
2018-07-17 17:18:05,745 INFO MISService.Method.LogMethods - -------------- *** Starting MISService *** ------------ 
2018-07-17 17:18:16,903 INFO MISService.Method.LogMethods - GetAllProjects:Debug:Start processing all projects
2018-07-17 17:18:19,040 INFO MISService.Method.LogMethods - GetAllProjects:Info:Processing project name:TMA solution
